<?xml version="1.0" encoding="UTF-8"?>
<!-- Generated by org.testng.reporters.JUnitXMLReporter -->
<testsuite hostname="5CG6323N27" ignored="0" name="Test" tests="9" failures="0" timestamp="2021-09-02T19:08:24 IST" time="91.413" errors="0">
  <testcase name="PreferenceTest" time="9.438" classname="com.Android.TestCases.ApiDemosBasicsTest"/>
  <testcase name="PreferenceTest" time="9.123" classname="com.Android.TestCases.ApiDemosBasicsTest"/>
  <testcase name="PreferenceTest" time="8.413" classname="com.Android.TestCases.ApiDemosBasicsTest"/>
  <testcase name="PreferenceTest" time="9.23" classname="com.Android.TestCases.ApiDemosBasicsTest"/>
  <testcase name="PreferenceTest" time="8.657" classname="com.Android.TestCases.ApiDemosBasicsTest"/>
  <testcase name="PreferenceTest" time="9.168" classname="com.Android.TestCases.ApiDemosBasicsTest"/>
  <testcase name="PreferenceTest" time="8.296" classname="com.Android.TestCases.ApiDemosBasicsTest"/>
  <testcase name="PreferenceTest" time="8.414" classname="com.Android.TestCases.ApiDemosBasicsTest"/>
  <testcase name="PreferenceTest" time="9.118" classname="com.Android.TestCases.ApiDemosBasicsTest"/>
</testsuite> <!-- Test -->
