<?xml version="1.0" encoding="UTF-8"?>
<testng-results skipped="0" failed="0" ignored="0" total="9" passed="9">
  <reporter-output>
  </reporter-output>
  <suite name="Suite" duration-ms="91413" started-at="2021-09-02T19:06:52 IST" finished-at="2021-09-02T19:08:24 IST">
    <groups>
    </groups>
    <test name="Test" duration-ms="91413" started-at="2021-09-02T19:06:52 IST" finished-at="2021-09-02T19:08:24 IST">
      <class name="com.Android.TestCases.ApiDemosBasicsTest">
        <test-method status="PASS" signature="PreferenceTest(java.util.HashMap)[pri:0, instance:com.Android.TestCases.ApiDemosBasicsTest@1536602f]" name="PreferenceTest" duration-ms="9438" started-at="2021-09-02T19:06:55 IST" data-provider="dp" finished-at="2021-09-02T19:07:04 IST">
          <params>
            <param index="0">
              <value>
                <![CDATA[{ValueToSearch=Testing}]]>
              </value>
            </param>
          </params>
          <reporter-output>
          </reporter-output>
        </test-method> <!-- PreferenceTest -->
        <test-method status="PASS" signature="PreferenceTest(java.util.HashMap)[pri:0, instance:com.Android.TestCases.ApiDemosBasicsTest@1536602f]" name="PreferenceTest" duration-ms="9123" started-at="2021-09-02T19:07:05 IST" data-provider="dp" finished-at="2021-09-02T19:07:14 IST">
          <params>
            <param index="0">
              <value>
                <![CDATA[{ValueToSearch=Gmail}]]>
              </value>
            </param>
          </params>
          <reporter-output>
          </reporter-output>
        </test-method> <!-- PreferenceTest -->
        <test-method status="PASS" signature="PreferenceTest(java.util.HashMap)[pri:0, instance:com.Android.TestCases.ApiDemosBasicsTest@1536602f]" name="PreferenceTest" duration-ms="8413" started-at="2021-09-02T19:07:16 IST" data-provider="dp" finished-at="2021-09-02T19:07:24 IST">
          <params>
            <param index="0">
              <value>
                <![CDATA[{ValueToSearch=Youtube}]]>
              </value>
            </param>
          </params>
          <reporter-output>
          </reporter-output>
        </test-method> <!-- PreferenceTest -->
        <test-method status="PASS" signature="PreferenceTest(java.util.HashMap)[pri:0, instance:com.Android.TestCases.ApiDemosBasicsTest@1536602f]" name="PreferenceTest" duration-ms="9230" started-at="2021-09-02T19:07:25 IST" data-provider="dp" finished-at="2021-09-02T19:07:34 IST">
          <params>
            <param index="0">
              <value>
                <![CDATA[{ValueToSearch=Microsoft}]]>
              </value>
            </param>
          </params>
          <reporter-output>
          </reporter-output>
        </test-method> <!-- PreferenceTest -->
        <test-method status="PASS" signature="PreferenceTest(java.util.HashMap)[pri:0, instance:com.Android.TestCases.ApiDemosBasicsTest@1536602f]" name="PreferenceTest" duration-ms="8657" started-at="2021-09-02T19:07:35 IST" data-provider="dp" finished-at="2021-09-02T19:07:44 IST">
          <params>
            <param index="0">
              <value>
                <![CDATA[{ValueToSearch=Apple}]]>
              </value>
            </param>
          </params>
          <reporter-output>
          </reporter-output>
        </test-method> <!-- PreferenceTest -->
        <test-method status="PASS" signature="PreferenceTest(java.util.HashMap)[pri:0, instance:com.Android.TestCases.ApiDemosBasicsTest@1536602f]" name="PreferenceTest" duration-ms="9168" started-at="2021-09-02T19:07:45 IST" data-provider="dp" finished-at="2021-09-02T19:07:54 IST">
          <params>
            <param index="0">
              <value>
                <![CDATA[{ValueToSearch=Amazon}]]>
              </value>
            </param>
          </params>
          <reporter-output>
          </reporter-output>
        </test-method> <!-- PreferenceTest -->
        <test-method status="PASS" signature="PreferenceTest(java.util.HashMap)[pri:0, instance:com.Android.TestCases.ApiDemosBasicsTest@1536602f]" name="PreferenceTest" duration-ms="8296" started-at="2021-09-02T19:07:55 IST" data-provider="dp" finished-at="2021-09-02T19:08:03 IST">
          <params>
            <param index="0">
              <value>
                <![CDATA[{ValueToSearch=FlipKart}]]>
              </value>
            </param>
          </params>
          <reporter-output>
          </reporter-output>
        </test-method> <!-- PreferenceTest -->
        <test-method status="PASS" signature="PreferenceTest(java.util.HashMap)[pri:0, instance:com.Android.TestCases.ApiDemosBasicsTest@1536602f]" name="PreferenceTest" duration-ms="8414" started-at="2021-09-02T19:08:04 IST" data-provider="dp" finished-at="2021-09-02T19:08:13 IST">
          <params>
            <param index="0">
              <value>
                <![CDATA[{ValueToSearch=Walmart}]]>
              </value>
            </param>
          </params>
          <reporter-output>
          </reporter-output>
        </test-method> <!-- PreferenceTest -->
        <test-method status="PASS" signature="PreferenceTest(java.util.HashMap)[pri:0, instance:com.Android.TestCases.ApiDemosBasicsTest@1536602f]" name="PreferenceTest" duration-ms="9118" started-at="2021-09-02T19:08:14 IST" data-provider="dp" finished-at="2021-09-02T19:08:23 IST">
          <params>
            <param index="0">
              <value>
                <![CDATA[{ValueToSearch=Target}]]>
              </value>
            </param>
          </params>
          <reporter-output>
          </reporter-output>
        </test-method> <!-- PreferenceTest -->
        <test-method status="PASS" signature="end()[pri:0, instance:com.Android.TestCases.ApiDemosBasicsTest@1536602f]" name="end" is-config="true" duration-ms="187" started-at="2021-09-02T19:08:27 IST" finished-at="2021-09-02T19:08:27 IST">
          <reporter-output>
          </reporter-output>
        </test-method> <!-- end -->
      </class> <!-- com.Android.TestCases.ApiDemosBasicsTest -->
    </test> <!-- Test -->
  </suite> <!-- Suite -->
</testng-results>
